Using pre-set license
Built from '2020.2/staging' branch; Version is '2020.2.6f1 (8a2143876886) revision 9052483'; Using compiler version '192528614'; Build Type 'Release'
OS: 'Windows 10 Enterprise LTSC 2019; OS build 17763.1935; Version 1809; 64bit' Language: 'ru' Physical Memory: 8043 MB
BatchMode: 1, IsHumanControllingUs: 0, StartBugReporterOnCrash: 0, Is64bit: 1, IsPro: 0

 COMMAND LINE ARGUMENTS:
C:\Program Files\Unity\Hub\Editor\2020.2.6f1\Editor\Unity.exe
-adb2
-batchMode
-noUpm
-name
AssetImportWorker0
-projectPath
C:/Практика проект Кузнецов и Эйсмонт/Faster/Faster
-logFile
Logs/AssetImportWorker0.log
-srvPort
61523
Successfully changed project path to: C:/Практика проект Кузнецов и Эйсмонт/Faster/Faster
C:/Практика проект Кузнецов и Эйсмонт/Faster/Faster
Using Asset Import Pipeline V2.
Refreshing native plugins compatible for Editor in 32.65 ms, found 0 plugins.
Preloading 0 native plugins for Editor in 0.00 ms.
Initialize engine version: 2020.2.6f1 (8a2143876886)
[Subsystems] Discovering subsystems at path C:/Program Files/Unity/Hub/Editor/2020.2.6f1/Editor/Data/Resources/UnitySubsystems
[Subsystems] Discovering subsystems at path C:/Практика проект Кузнецов и Эйсмонт/Faster/Faster/Assets
GfxDevice: creating device client; threaded=0
Direct3D:
    Version:  Direct3D 11.0 [level 11.1]
    Renderer: Intel(R) UHD Graphics 630 (ID=0x3e92)
    Vendor:   
    VRAM:     4021 MB
    Driver:   27.20.100.8783
Initialize mono
Mono path[0] = 'C:/Program Files/Unity/Hub/Editor/2020.2.6f1/Editor/Data/Managed'
Mono path[1] = 'C:/Program Files/Unity/Hub/Editor/2020.2.6f1/Editor/Data/MonoBleedingEdge/lib/mono/unityjit'
Mono config path = 'C:/Program Files/Unity/Hub/Editor/2020.2.6f1/Editor/Data/MonoBleedingEdge/etc'
Using monoOptions --debugger-agent=transport=dt_socket,embedding=1,server=y,suspend=n,address=127.0.0.1:56760
Begin MonoManager ReloadAssembly
Registering precompiled unity dll's ...
Register platform support module: C:/Program Files/Unity/Hub/Editor/2020.2.6f1/Editor/Data/PlaybackEngines/WindowsStandaloneSupport/UnityEditor.WindowsStandalone.Extensions.dll
Registered in 0.002177 seconds.
Native extension for WindowsStandalone target not found
Refreshing native plugins compatible for Editor in 26.43 ms, found 0 plugins.
Preloading 0 native plugins for Editor in 0.00 ms.
Invoked RoslynAnalysisRunner static constructor.
RoslynAnalysisRunner will not be running.
RoslynAnalysisRunner has terminated.
Mono: successfully reloaded assembly
- Completed reload, in  1.262 seconds
Platform modules already initialized, skipping
Registering precompiled user dll's ...
Registered in 0.000761 seconds.
Begin MonoManager ReloadAssembly
Native extension for WindowsStandalone target not found
Refreshing native plugins compatible for Editor in 0.21 ms, found 0 plugins.
Preloading 0 native plugins for Editor in 0.00 ms.
Invoked RoslynAnalysisRunner static constructor.
RoslynAnalysisRunner will not be running.
RoslynAnalysisRunner has terminated.
Mono: successfully reloaded assembly
- Completed reload, in  0.920 seconds
Platform modules already initialized, skipping
========================================================================
Worker process is ready to serve import requests
Launched and connected shader compiler UnityShaderCompiler.exe after 0.07 seconds
Refreshing native plugins compatible for Editor in 0.20 ms, found 0 plugins.
Preloading 0 native plugins for Editor in 0.00 ms.
Unloading 1103 Unused Serialized files (Serialized files now loaded: 0)
System memory in use before: 57.1 MB.
System memory in use after: 57.2 MB.

Unloading 10 unused Assets to reduce memory usage. Loaded Objects now: 1544.
Total: 1.781500 ms (FindLiveObjects: 0.123500 ms CreateObjectMapping: 0.035200 ms MarkObjects: 1.532200 ms  DeleteObjects: 0.089600 ms)

========================================================================
Received Import Request.
  path: Assets
  artifactKey: Guid(00000000000000001000000000000000) Importer(815301076,1909f56bfc062723c751e8b465ee728b)
Start importing Assets using Guid(00000000000000001000000000000000) Importer(815301076,1909f56bfc062723c751e8b465ee728b)  -> (artifact id: 'f47cf443bddc682ac2de11ea429897ce') in 0.010452 seconds
  Import took 0.015012 seconds .

========================================================================
Received Import Request.
  Time since last request: 0.667550 seconds.
  path: Assets/Anim
  artifactKey: Guid(6619ea1037ab67e44ac42e7ceaf3e1cf) Importer(815301076,1909f56bfc062723c751e8b465ee728b)
Start importing Assets/Anim using Guid(6619ea1037ab67e44ac42e7ceaf3e1cf) Importer(815301076,1909f56bfc062723c751e8b465ee728b)  -> (artifact id: '02d0f842245077fbffb4903c5306dd66') in 0.001983 seconds
  Import took 0.004409 seconds .

========================================================================
Received Import Request.
  Time since last request: 12.300466 seconds.
  path: Assets/Material
  artifactKey: Guid(d851b8d28449e9344955728b53c09848) Importer(815301076,1909f56bfc062723c751e8b465ee728b)
Start importing Assets/Material using Guid(d851b8d28449e9344955728b53c09848) Importer(815301076,1909f56bfc062723c751e8b465ee728b)  -> (artifact id: 'd776d87e690a0786baa4055d35e3a171') in 0.006132 seconds
  Import took 0.008562 seconds .

========================================================================
Received Import Request.
  Time since last request: 13.204157 seconds.
  path: Assets/Prefab
  artifactKey: Guid(0be24af0da044bb4faa24d1e3c19e672) Importer(815301076,1909f56bfc062723c751e8b465ee728b)
Start importing Assets/Prefab using Guid(0be24af0da044bb4faa24d1e3c19e672) Importer(815301076,1909f56bfc062723c751e8b465ee728b)  -> (artifact id: 'ea3af4292b1999c9b3fecf12a4a61d1a') in 0.005783 seconds
  Import took 0.020212 seconds .

========================================================================
Received Import Request.
  Time since last request: 24.312673 seconds.
  path: Assets/Scripts
  artifactKey: Guid(c752c50b720499c4788d37cd1a04f172) Importer(815301076,1909f56bfc062723c751e8b465ee728b)
Start importing Assets/Scripts using Guid(c752c50b720499c4788d37cd1a04f172) Importer(815301076,1909f56bfc062723c751e8b465ee728b)  -> (artifact id: '920a1fa35979ba79aab968009661f828') in 0.007206 seconds
  Import took 0.009874 seconds .

========================================================================
Received Import Request.
  Time since last request: 201.471372 seconds.
  path: Assets/Prefab/Pol lvl1-1.vox
  artifactKey: Guid(153a936a2a0743742bb1beff8c5105b1) Importer(815301076,1909f56bfc062723c751e8b465ee728b)
Start importing Assets/Prefab/Pol lvl1-1.vox using Guid(153a936a2a0743742bb1beff8c5105b1) Importer(815301076,1909f56bfc062723c751e8b465ee728b)  -> (artifact id: '7df5b9cc755ddc70a61f59372bbc4211') in 0.048228 seconds
  Import took 0.050560 seconds .

========================================================================
Received Import Request.
  Time since last request: 14.573774 seconds.
  path: Assets/Prefab/Pol lvl1-0.vox
  artifactKey: Guid(f93402a0d5aa5354eb46f35a5b7c89a0) Importer(815301076,1909f56bfc062723c751e8b465ee728b)
Start importing Assets/Prefab/Pol lvl1-0.vox using Guid(f93402a0d5aa5354eb46f35a5b7c89a0) Importer(815301076,1909f56bfc062723c751e8b465ee728b)  -> (artifact id: 'd32f034dd44ed0ac63e3429690574a2d') in 0.002762 seconds
  Import took 0.005931 seconds .

========================================================================
Received Import Request.
  Time since last request: 0.000849 seconds.
  path: Assets/Prefab/Pol lvl1-0.vox
  artifactKey: Guid(f93402a0d5aa5354eb46f35a5b7c89a0) Importer(815301076,1909f56bfc062723c751e8b465ee728b)
Start importing Assets/Prefab/Pol lvl1-0.vox using Guid(f93402a0d5aa5354eb46f35a5b7c89a0) Importer(815301076,1909f56bfc062723c751e8b465ee728b)  -> (artifact id: 'd32f034dd44ed0ac63e3429690574a2d') in 0.002497 seconds
  Import took 0.004799 seconds .

========================================================================
Received Import Request.
  Time since last request: 57.580488 seconds.
  path: Assets/Prefab/Pol lvl 1 obj-0.obj
  artifactKey: Guid(8288f9bd032a86b4abe7c3549edea18c) Importer(815301076,1909f56bfc062723c751e8b465ee728b)
Start importing Assets/Prefab/Pol lvl 1 obj-0.obj using Guid(8288f9bd032a86b4abe7c3549edea18c) Importer(815301076,1909f56bfc062723c751e8b465ee728b)  -> (artifact id: 'cac1adf204a6ffce45ff3caca6f40bd2') in 0.465937 seconds
  Import took 0.468821 seconds .

========================================================================
Received Import Request.
  Time since last request: 22.541864 seconds.
  path: Assets/Prefab/Pol lvl 1 obj-0.png
  artifactKey: Guid(0cc715e9aa4b9a941842d5cdae78e3f7) Importer(815301076,1909f56bfc062723c751e8b465ee728b)
Start importing Assets/Prefab/Pol lvl 1 obj-0.png using Guid(0cc715e9aa4b9a941842d5cdae78e3f7) Importer(815301076,1909f56bfc062723c751e8b465ee728b)  -> (artifact id: 'cee10fbd731e969d269a29ac999c8f98') in 0.028762 seconds
  Import took 0.031199 seconds .

========================================================================
Received Import Request.
  Time since last request: 110.884058 seconds.
  path: Assets/Prefab/Pol lvl 1 obj-0.mtl
  artifactKey: Guid(554e5250d249f8b4ea26ce9304d81022) Importer(815301076,1909f56bfc062723c751e8b465ee728b)
Start importing Assets/Prefab/Pol lvl 1 obj-0.mtl using Guid(554e5250d249f8b4ea26ce9304d81022) Importer(815301076,1909f56bfc062723c751e8b465ee728b)  -> (artifact id: '19fd75a3d3129da13a797ed48f0548d4') in 0.010609 seconds
  Import took 0.013606 seconds .

========================================================================
Received Import Request.
  Time since last request: 73.341709 seconds.
  path: Assets/Prefab/Pol lvl 1 obj-0.obj
  artifactKey: Guid(8288f9bd032a86b4abe7c3549edea18c) Importer(815301076,1909f56bfc062723c751e8b465ee728b)
Start importing Assets/Prefab/Pol lvl 1 obj-0.obj using Guid(8288f9bd032a86b4abe7c3549edea18c) Importer(815301076,1909f56bfc062723c751e8b465ee728b)  -> (artifact id: '981f79c30d98a6a42c5b2534e713ef53') in 0.052804 seconds
  Import took 0.055852 seconds .

========================================================================
Received Import Request.
  Time since last request: 0.000326 seconds.
  path: Assets/Prefab/Pol lvl 1 obj-1.obj
  artifactKey: Guid(c4d5d6cba9a6d1146a5cc82f292c7106) Importer(815301076,1909f56bfc062723c751e8b465ee728b)
Start importing Assets/Prefab/Pol lvl 1 obj-1.obj using Guid(c4d5d6cba9a6d1146a5cc82f292c7106) Importer(815301076,1909f56bfc062723c751e8b465ee728b)  -> (artifact id: 'a55ce4bc5e52a351dfccc35d81d2da42') in 0.026861 seconds
  Import took 0.028966 seconds .

========================================================================
Received Import Request.
  Time since last request: 0.000305 seconds.
  path: Assets/Prefab/Pol lvl 1 obj-2.png
  artifactKey: Guid(a6327552a2a25144f9b91420ae29077c) Importer(815301076,1909f56bfc062723c751e8b465ee728b)
Start importing Assets/Prefab/Pol lvl 1 obj-2.png using Guid(a6327552a2a25144f9b91420ae29077c) Importer(815301076,1909f56bfc062723c751e8b465ee728b)  -> (artifact id: '2a2c61626c7bacc9e06879ce5dfecd91') in 0.008075 seconds
  Import took 0.010050 seconds .

========================================================================
Received Import Request.
  Time since last request: 0.000355 seconds.
  path: Assets/Prefab/Pol lvl 1 obj-1.png
  artifactKey: Guid(2b51d3c54a48ff44f8ebd3fca9a02c59) Importer(815301076,1909f56bfc062723c751e8b465ee728b)
Start importing Assets/Prefab/Pol lvl 1 obj-1.png using Guid(2b51d3c54a48ff44f8ebd3fca9a02c59) Importer(815301076,1909f56bfc062723c751e8b465ee728b)  -> (artifact id: '0a2be8d4c1639339432ed5830349789c') in 0.007879 seconds
  Import took 0.009911 seconds .

========================================================================
Received Import Request.
  Time since last request: 0.000305 seconds.
  path: Assets/Prefab/Pol lvl 1 obj-2.obj
  artifactKey: Guid(0d47dfff4118dab478eee3804b408f41) Importer(815301076,1909f56bfc062723c751e8b465ee728b)
Start importing Assets/Prefab/Pol lvl 1 obj-2.obj using Guid(0d47dfff4118dab478eee3804b408f41) Importer(815301076,1909f56bfc062723c751e8b465ee728b)  -> (artifact id: '38908723fb2cdc1d85190f41b85d0250') in 0.025311 seconds
  Import took 0.027236 seconds .

========================================================================
Received Import Request.
  Time since last request: 16.963132 seconds.
  path: Assets/Prefab/Pol lvl 1 obj-2.mtl
  artifactKey: Guid(2bed164d58c23a94d8a402db58bb2e29) Importer(815301076,1909f56bfc062723c751e8b465ee728b)
Start importing Assets/Prefab/Pol lvl 1 obj-2.mtl using Guid(2bed164d58c23a94d8a402db58bb2e29) Importer(815301076,1909f56bfc062723c751e8b465ee728b)  -> (artifact id: 'cd188a4d786feffedd60c8c39bcf7d00') in 0.003062 seconds
  Import took 0.005426 seconds .

========================================================================
Received Import Request.
  Time since last request: 0.001414 seconds.
  path: Assets/Prefab/Pol lvl 1 obj-2.mtl
  artifactKey: Guid(2bed164d58c23a94d8a402db58bb2e29) Importer(815301076,1909f56bfc062723c751e8b465ee728b)
Start importing Assets/Prefab/Pol lvl 1 obj-2.mtl using Guid(2bed164d58c23a94d8a402db58bb2e29) Importer(815301076,1909f56bfc062723c751e8b465ee728b)  -> (artifact id: 'cd188a4d786feffedd60c8c39bcf7d00') in 0.002294 seconds
  Import took 0.005595 seconds .

========================================================================
Received Import Request.
  Time since last request: 5.269474 seconds.
  path: Assets/Prefab/Pol lvl 1 obj-1.mtl
  artifactKey: Guid(316c7b4663acfb347b212dfbf8eb3285) Importer(815301076,1909f56bfc062723c751e8b465ee728b)
Start importing Assets/Prefab/Pol lvl 1 obj-1.mtl using Guid(316c7b4663acfb347b212dfbf8eb3285) Importer(815301076,1909f56bfc062723c751e8b465ee728b)  -> (artifact id: '21d4da368d650f18dd8bc13cc55523bb') in 0.002883 seconds
  Import took 0.007117 seconds .

========================================================================
Received Import Request.
  Time since last request: 85.573958 seconds.
  path: Assets/Prefab/Pol lvl 1 obj-0.obj
  artifactKey: Guid(8288f9bd032a86b4abe7c3549edea18c) Importer(815301076,1909f56bfc062723c751e8b465ee728b)
Start importing Assets/Prefab/Pol lvl 1 obj-0.obj using Guid(8288f9bd032a86b4abe7c3549edea18c) Importer(815301076,1909f56bfc062723c751e8b465ee728b)  -> (artifact id: 'da77974f4b2588653455bcb458dd3933') in 0.059447 seconds
  Import took 0.062257 seconds .

========================================================================
Received Import Request.
  Time since last request: 262.352645 seconds.
  path: Assets/Prefab/Project-0.obj
  artifactKey: Guid(a114c4bc89d10914882a78a921aa6bfa) Importer(815301076,1909f56bfc062723c751e8b465ee728b)
Start importing Assets/Prefab/Project-0.obj using Guid(a114c4bc89d10914882a78a921aa6bfa) Importer(815301076,1909f56bfc062723c751e8b465ee728b)  -> (artifact id: '2ea9c033a412b265a76538103ed4f7c4') in 0.041995 seconds
  Import took 0.044833 seconds .

========================================================================
Received Import Request.
  Time since last request: 0.000318 seconds.
  path: Assets/Prefab/Project-0.png
  artifactKey: Guid(573d211af7d3c0d44b0b9a607a5255cf) Importer(815301076,1909f56bfc062723c751e8b465ee728b)
Start importing Assets/Prefab/Project-0.png using Guid(573d211af7d3c0d44b0b9a607a5255cf) Importer(815301076,1909f56bfc062723c751e8b465ee728b)  -> (artifact id: '321c7f0f6dc820c1bb7a2a39aff85ba3') in 0.008139 seconds
  Import took 0.010305 seconds .

========================================================================
Received Import Request.
  Time since last request: 41.274778 seconds.
  path: Assets/Prefab/Project-0.mtl
  artifactKey: Guid(779efb6de10be8e41bebe8115e5e9e31) Importer(815301076,1909f56bfc062723c751e8b465ee728b)
Start importing Assets/Prefab/Project-0.mtl using Guid(779efb6de10be8e41bebe8115e5e9e31) Importer(815301076,1909f56bfc062723c751e8b465ee728b)  -> (artifact id: 'bf05fe55ce257b30961df41fb5e91b77') in 0.002405 seconds
  Import took 0.004834 seconds .

========================================================================
Received Import Request.
  Time since last request: 18.546871 seconds.
  path: Assets/Prefab/Tunnel.obj
  artifactKey: Guid(a114c4bc89d10914882a78a921aa6bfa) Importer(815301076,1909f56bfc062723c751e8b465ee728b)
Start importing Assets/Prefab/Tunnel.obj using Guid(a114c4bc89d10914882a78a921aa6bfa) Importer(815301076,1909f56bfc062723c751e8b465ee728b)  -> (artifact id: '70dd30c5850b8958a30808af2e96552e') in 0.031433 seconds
  Import took 0.034243 seconds .

========================================================================
Received Import Request.
  Time since last request: 0.004489 seconds.
  path: Assets/Prefab/Tunnel.obj
  artifactKey: Guid(a114c4bc89d10914882a78a921aa6bfa) Importer(815301076,1909f56bfc062723c751e8b465ee728b)
Start importing Assets/Prefab/Tunnel.obj using Guid(a114c4bc89d10914882a78a921aa6bfa) Importer(815301076,1909f56bfc062723c751e8b465ee728b)  -> (artifact id: '70dd30c5850b8958a30808af2e96552e') in 0.038350 seconds
  Import took 0.041828 seconds .

========================================================================
Received Import Request.
  Time since last request: 39.569693 seconds.
  path: Assets/Prefab/Tunnel.png
  artifactKey: Guid(573d211af7d3c0d44b0b9a607a5255cf) Importer(815301076,1909f56bfc062723c751e8b465ee728b)
Start importing Assets/Prefab/Tunnel.png using Guid(573d211af7d3c0d44b0b9a607a5255cf) Importer(815301076,1909f56bfc062723c751e8b465ee728b)  -> (artifact id: '2a66ba7bc7205957196e216d77c71dc4') in 0.011370 seconds
  Import took 0.013517 seconds .

========================================================================
Received Import Request.
  Time since last request: 7.413447 seconds.
  path: Assets/Prefab/Project-0.obj
  artifactKey: Guid(a114c4bc89d10914882a78a921aa6bfa) Importer(815301076,1909f56bfc062723c751e8b465ee728b)
Start importing Assets/Prefab/Project-0.obj using Guid(a114c4bc89d10914882a78a921aa6bfa) Importer(815301076,1909f56bfc062723c751e8b465ee728b)  -> (artifact id: '6a8bdf9c49d87d2cdc34bce664680c26') in 0.037081 seconds
  Import took 0.040017 seconds .

========================================================================
Received Import Request.
  Time since last request: 37.961567 seconds.
  path: Assets/Prefab/Project-0.obj
  artifactKey: Guid(a114c4bc89d10914882a78a921aa6bfa) Importer(815301076,1909f56bfc062723c751e8b465ee728b)
Start importing Assets/Prefab/Project-0.obj using Guid(a114c4bc89d10914882a78a921aa6bfa) Importer(815301076,1909f56bfc062723c751e8b465ee728b)  -> (artifact id: 'f788fbe34b7fd513308f2534e4bcd93c') in 0.040204 seconds
  Import took 0.042749 seconds .

========================================================================
Received Import Request.
  Time since last request: 24.652737 seconds.
  path: Assets/Prefab/Location
  artifactKey: Guid(b0cdf485b4fe3af488dc1a7700e27182) Importer(815301076,1909f56bfc062723c751e8b465ee728b)
Start importing Assets/Prefab/Location using Guid(b0cdf485b4fe3af488dc1a7700e27182) Importer(815301076,1909f56bfc062723c751e8b465ee728b)  -> (artifact id: 'c0f914f83fbcef4eb174c4901a44d234') in 0.006117 seconds
  Import took 0.009439 seconds .

========================================================================
Received Import Request.
  Time since last request: 35.883583 seconds.
  path: Assets/Prefab/Location/Tunnel
  artifactKey: Guid(cf878d4795badc140b151e932815df92) Importer(815301076,1909f56bfc062723c751e8b465ee728b)
Start importing Assets/Prefab/Location/Tunnel using Guid(cf878d4795badc140b151e932815df92) Importer(815301076,1909f56bfc062723c751e8b465ee728b)  -> (artifact id: '179cdaea33032e7cd54d21d794befc00') in 0.006225 seconds
  Import took 0.009013 seconds .

========================================================================
Received Import Request.
  Time since last request: 31.593135 seconds.
  path: Assets/Prefab/Location/Tunnel/Project-0.obj
  artifactKey: Guid(a114c4bc89d10914882a78a921aa6bfa) Importer(815301076,1909f56bfc062723c751e8b465ee728b)
Start importing Assets/Prefab/Location/Tunnel/Project-0.obj using Guid(a114c4bc89d10914882a78a921aa6bfa) Importer(815301076,1909f56bfc062723c751e8b465ee728b)  -> (artifact id: '5fc16d7bc73cec86e07c3d8f69060133') in 0.039601 seconds
  Import took 0.043036 seconds .

========================================================================
Received Import Request.
  Time since last request: 1290.679672 seconds.
  path: Assets/Material/New Prefab.prefab
  artifactKey: Guid(3f2ca7d12019d0e408f63d4b9ac78b61) Importer(815301076,1909f56bfc062723c751e8b465ee728b)
Start importing Assets/Material/New Prefab.prefab using Guid(3f2ca7d12019d0e408f63d4b9ac78b61) Importer(815301076,1909f56bfc062723c751e8b465ee728b)  -> (artifact id: '9bfa131f1b3c60487360ee10c04a54f3') in 0.013871 seconds
  Import took 0.016876 seconds .

========================================================================
Received Import Request.
  Time since last request: 0.000819 seconds.
  path: Assets/Material/New Prefab.prefab
  artifactKey: Guid(3f2ca7d12019d0e408f63d4b9ac78b61) Importer(815301076,1909f56bfc062723c751e8b465ee728b)
Start importing Assets/Material/New Prefab.prefab using Guid(3f2ca7d12019d0e408f63d4b9ac78b61) Importer(815301076,1909f56bfc062723c751e8b465ee728b)  -> (artifact id: '9bfa131f1b3c60487360ee10c04a54f3') in 0.003369 seconds
  Import took 0.006003 seconds .

========================================================================
Received Prepare
Registering precompiled user dll's ...
Registered in 0.000772 seconds.
Begin MonoManager ReloadAssembly
Native extension for WindowsStandalone target not found
Refreshing native plugins compatible for Editor in 0.21 ms, found 0 plugins.
Preloading 0 native plugins for Editor in 0.00 ms.
Invoked RoslynAnalysisRunner static constructor.
RoslynAnalysisRunner will not be running.
RoslynAnalysisRunner has terminated.
Mono: successfully reloaded assembly
- Completed reload, in  0.867 seconds
Platform modules already initialized, skipping
Refreshing native plugins compatible for Editor in 0.20 ms, found 0 plugins.
Preloading 0 native plugins for Editor in 0.00 ms.
Unloading 1098 Unused Serialized files (Serialized files now loaded: 0)
System memory in use before: 60.8 MB.
System memory in use after: 60.8 MB.

Unloading 5 unused Assets to reduce memory usage. Loaded Objects now: 1591.
Total: 1.880600 ms (FindLiveObjects: 0.134700 ms CreateObjectMapping: 0.035800 ms MarkObjects: 1.649700 ms  DeleteObjects: 0.059100 ms)

========================================================================
Received Import Request.
  Time since last request: 518.799499 seconds.
  path: Assets/Scripts/Move.cs
  artifactKey: Guid(5f828b84186a1df4895960aad8523188) Importer(815301076,1909f56bfc062723c751e8b465ee728b)
Start importing Assets/Scripts/Move.cs using Guid(5f828b84186a1df4895960aad8523188) Importer(815301076,1909f56bfc062723c751e8b465ee728b)  -> (artifact id: '45178a95af776440d48b93e5828acce9') in 0.013492 seconds
  Import took 0.016530 seconds .

========================================================================
Received Import Request.
  Time since last request: 0.106201 seconds.
  path: Assets/Scripts/Move.cs
  artifactKey: Guid(5f828b84186a1df4895960aad8523188) Importer(815301076,1909f56bfc062723c751e8b465ee728b)
Start importing Assets/Scripts/Move.cs using Guid(5f828b84186a1df4895960aad8523188) Importer(815301076,1909f56bfc062723c751e8b465ee728b)  -> (artifact id: '45178a95af776440d48b93e5828acce9') in 0.003501 seconds
  Import took 0.006644 seconds .

========================================================================
Received Prepare
Registering precompiled user dll's ...
Registered in 0.000738 seconds.
Begin MonoManager ReloadAssembly
Native extension for WindowsStandalone target not found
Refreshing native plugins compatible for Editor in 0.21 ms, found 0 plugins.
Preloading 0 native plugins for Editor in 0.00 ms.
Invoked RoslynAnalysisRunner static constructor.
RoslynAnalysisRunner will not be running.
RoslynAnalysisRunner has terminated.
Mono: successfully reloaded assembly
- Completed reload, in  0.878 seconds
Platform modules already initialized, skipping
Refreshing native plugins compatible for Editor in 0.23 ms, found 0 plugins.
Preloading 0 native plugins for Editor in 0.00 ms.
Unloading 1099 Unused Serialized files (Serialized files now loaded: 0)
System memory in use before: 60.8 MB.
System memory in use after: 60.9 MB.

Unloading 5 unused Assets to reduce memory usage. Loaded Objects now: 1594.
Total: 2.061200 ms (FindLiveObjects: 0.133700 ms CreateObjectMapping: 0.034000 ms MarkObjects: 1.769600 ms  DeleteObjects: 0.122300 ms)

